<?xml version="1.0" encoding="UTF-8"?>
<!-- Generated by org.testng.reporters.JUnitReportReporter -->
<testsuite hostname="DESKTOP-EM7U3K2" failures="0" tests="1" name="com.Dockket.Testcases.StaffTest" time="13.529" errors="0" timestamp="2021-11-25T19:01:58 IST" skipped="0">
  <testcase classname="com.Dockket.Testcases.StaffTest" name="addStaffScreenTest" time="13.529"/>
  <system-out/>
</testsuite> <!-- com.Dockket.Testcases.StaffTest -->
